[W 2023-01-09 12:18:57.097 LabApp] 'port' has moved from NotebookApp to ServerApp. This config will be passed to ServerApp. Be sure to update your config before our next release.
[W 2023-01-09 12:18:57.098 LabApp] 'port' has moved from NotebookApp to ServerApp. This config will be passed to ServerApp. Be sure to update your config before our next release.
[W 2023-01-09 12:18:57.098 LabApp] 'port' has moved from NotebookApp to ServerApp. This config will be passed to ServerApp. Be sure to update your config before our next release.
[I 2023-01-09 12:18:57.104 LabApp] JupyterLab extension loaded from /home/dcai/anaconda3/lib/python3.8/site-packages/jupyterlab
[I 2023-01-09 12:18:57.104 LabApp] JupyterLab application directory is /home/dcai/anaconda3/share/jupyter/lab
[I 12:18:57.108 NotebookApp] Serving notebooks from local directory: /home/dcai/jupyter
[I 12:18:57.108 NotebookApp] Jupyter Notebook 6.3.0 is running at:
[I 12:18:57.108 NotebookApp] http://localhost:8888/?token=6f26cc9e91fb51650b885ffee97b7a176a504a09df8e18c7
[I 12:18:57.108 NotebookApp]  or http://127.0.0.1:8888/?token=6f26cc9e91fb51650b885ffee97b7a176a504a09df8e18c7
[I 12:18:57.108 NotebookApp] Use Control-C to stop this server and shut down all kernels (twice to skip confirmation).
[C 12:18:57.111 NotebookApp] 
    
    To access the notebook, open this file in a browser:
        file:///home/dcai/.local/share/jupyter/runtime/nbserver-1956647-open.html
    Or copy and paste one of these URLs:
        http://localhost:8888/?token=6f26cc9e91fb51650b885ffee97b7a176a504a09df8e18c7
     or http://127.0.0.1:8888/?token=6f26cc9e91fb51650b885ffee97b7a176a504a09df8e18c7
[W 2023-01-09 12:21:02.039 LabApp] 'port' has moved from NotebookApp to ServerApp. This config will be passed to ServerApp. Be sure to update your config before our next release.
[W 2023-01-09 12:21:02.039 LabApp] 'ip' has moved from NotebookApp to ServerApp. This config will be passed to ServerApp. Be sure to update your config before our next release.
[W 2023-01-09 12:21:02.039 LabApp] 'ip' has moved from NotebookApp to ServerApp. This config will be passed to ServerApp. Be sure to update your config before our next release.
[W 2023-01-09 12:21:02.039 LabApp] 'ip' has moved from NotebookApp to ServerApp. This config will be passed to ServerApp. Be sure to update your config before our next release.
[I 2023-01-09 12:21:02.046 LabApp] JupyterLab extension loaded from /home/dcai/anaconda3/lib/python3.8/site-packages/jupyterlab
[I 2023-01-09 12:21:02.046 LabApp] JupyterLab application directory is /home/dcai/anaconda3/share/jupyter/lab
[I 12:21:02.049 NotebookApp] Serving notebooks from local directory: /home/dcai/jupyter
[I 12:21:02.049 NotebookApp] Jupyter Notebook 6.3.0 is running at:
[I 12:21:02.049 NotebookApp] http://dcai:8888/?token=e68e3813cb4e91f2ddcd356b624c6c9cca5f01622180b5a9
[I 12:21:02.049 NotebookApp]  or http://127.0.0.1:8888/?token=e68e3813cb4e91f2ddcd356b624c6c9cca5f01622180b5a9
[I 12:21:02.049 NotebookApp] Use Control-C to stop this server and shut down all kernels (twice to skip confirmation).
[C 12:21:02.052 NotebookApp] 
    
    To access the notebook, open this file in a browser:
        file:///home/dcai/.local/share/jupyter/runtime/nbserver-1959575-open.html
    Or copy and paste one of these URLs:
        http://dcai:8888/?token=e68e3813cb4e91f2ddcd356b624c6c9cca5f01622180b5a9
     or http://127.0.0.1:8888/?token=e68e3813cb4e91f2ddcd356b624c6c9cca5f01622180b5a9
[I 12:21:11.788 NotebookApp] 302 GET / (192.168.0.102) 1.060000ms
[W 2023-01-14 15:31:55.832 LabApp] 'port' has moved from NotebookApp to ServerApp. This config will be passed to ServerApp. Be sure to update your config before our next release.
[W 2023-01-14 15:31:55.832 LabApp] 'ip' has moved from NotebookApp to ServerApp. This config will be passed to ServerApp. Be sure to update your config before our next release.
[W 2023-01-14 15:31:55.832 LabApp] 'ip' has moved from NotebookApp to ServerApp. This config will be passed to ServerApp. Be sure to update your config before our next release.
[W 2023-01-14 15:31:55.832 LabApp] 'ip' has moved from NotebookApp to ServerApp. This config will be passed to ServerApp. Be sure to update your config before our next release.
[I 2023-01-14 15:31:55.839 LabApp] JupyterLab extension loaded from /home/dcai/anaconda3/lib/python3.8/site-packages/jupyterlab
[I 2023-01-14 15:31:55.839 LabApp] JupyterLab application directory is /home/dcai/anaconda3/share/jupyter/lab
[I 15:31:55.842 NotebookApp] Serving notebooks from local directory: /home/dcai/jupyter
[I 15:31:55.843 NotebookApp] Jupyter Notebook 6.3.0 is running at:
[I 15:31:55.843 NotebookApp] http://dcai:8888/?token=1cd696b5e8db48ce3b478bfb3c09951d71a7e223bc7c0117
[I 15:31:55.843 NotebookApp]  or http://127.0.0.1:8888/?token=1cd696b5e8db48ce3b478bfb3c09951d71a7e223bc7c0117
[I 15:31:55.843 NotebookApp] Use Control-C to stop this server and shut down all kernels (twice to skip confirmation).
[C 15:31:55.846 NotebookApp] 
    
    To access the notebook, open this file in a browser:
        file:///home/dcai/.local/share/jupyter/runtime/nbserver-343044-open.html
    Or copy and paste one of these URLs:
        http://dcai:8888/?token=1cd696b5e8db48ce3b478bfb3c09951d71a7e223bc7c0117
     or http://127.0.0.1:8888/?token=1cd696b5e8db48ce3b478bfb3c09951d71a7e223bc7c0117
[I 15:31:59.026 NotebookApp] 302 GET / (192.168.0.136) 1.220000ms
[I 15:31:59.047 NotebookApp] 302 GET /tree? (192.168.0.136) 1.100000ms
[I 15:32:32.409 NotebookApp] 302 POST /login?next=%2Ftree%3F (192.168.0.136) 2.070000ms
[I 15:33:23.040 NotebookApp] Creating new notebook in 
[I 15:33:24.438 NotebookApp] Kernel started: b00a0601-7678-4d44-aa41-70db2f7ede51, name: python3
[I 15:35:31.210 NotebookApp] Saving file at /mongo-load.ipynb
[W 15:35:37.123 NotebookApp] Notebook data-downloader.ipynb is not trusted
[I 15:35:37.384 NotebookApp] Kernel started: fca4822a-0499-4aff-a6b7-ed5d2638651f, name: python3
[I 15:35:45.043 NotebookApp] Starting buffering for fca4822a-0499-4aff-a6b7-ed5d2638651f:9531d94c94704761b09d86824cb5e35a
[W 15:35:47.346 NotebookApp] Notebook feature-engineering.ipynb is not trusted
[I 15:35:47.715 NotebookApp] Kernel started: ad555782-6b88-4dca-b317-06a2bbd278bb, name: python3
[I 15:35:54.005 NotebookApp] Starting buffering for ad555782-6b88-4dca-b317-06a2bbd278bb:ebc3bd95bca4451281773ebe58a65f60
[W 15:35:57.029 NotebookApp] Notebook ml4f-boostedtrees.ipynb is not trusted
[I 15:35:57.349 NotebookApp] Kernel started: fd0bbdc3-7843-4b48-a12b-507472540801, name: python3
[I 15:37:24.448 NotebookApp] Saving file at /mongo-load.ipynb
[I 15:39:24.448 NotebookApp] Saving file at /mongo-load.ipynb
[I 15:41:24.517 NotebookApp] Saving file at /mongo-load.ipynb
[I 15:43:24.450 NotebookApp] Saving file at /mongo-load.ipynb
[I 15:45:24.469 NotebookApp] Saving file at /mongo-load.ipynb
[I 15:49:24.989 NotebookApp] Saving file at /mongo-load.ipynb
[W 15:49:29.942 NotebookApp] Notebook feature-engineering.ipynb is not trusted
[I 15:51:24.456 NotebookApp] Saving file at /mongo-load.ipynb
[I 15:53:24.450 NotebookApp] Saving file at /mongo-load.ipynb
[I 15:57:24.449 NotebookApp] Saving file at /mongo-load.ipynb
[I 15:59:26.568 NotebookApp] Saving file at /mongo-load.ipynb
[I 16:01:24.433 NotebookApp] Saving file at /mongo-load.ipynb
[I 16:03:24.444 NotebookApp] Saving file at /mongo-load.ipynb
[I 16:05:24.435 NotebookApp] Saving file at /mongo-load.ipynb
[I 16:13:29.448 NotebookApp] Saving file at /mongo-load.ipynb
[I 16:15:24.441 NotebookApp] Saving file at /mongo-load.ipynb
[I 16:19:24.470 NotebookApp] Saving file at /mongo-load.ipynb
[I 16:21:24.470 NotebookApp] Saving file at /mongo-load.ipynb
[I 16:23:24.440 NotebookApp] Saving file at /mongo-load.ipynb
[I 16:24:22.776 NotebookApp] Saving file at /mongo-load.ipynb
